Traceback (most recent call last):
  File "main.py", line 12, in <module>
    from engine import *
  File "D:\segmentor\engine.py", line 4, in <module>
    from sklearn import metrics
  File "C:\Users\i243l699\Anaconda3\lib\site-packages\sklearn\__init__.py", line 82, in <module>
    from .base import clone
  File "C:\Users\i243l699\Anaconda3\lib\site-packages\sklearn\base.py", line 17, in <module>
    from .utils import _IS_32BIT
  File "C:\Users\i243l699\Anaconda3\lib\site-packages\sklearn\utils\__init__.py", line 23, in <module>
    from .class_weight import compute_class_weight, compute_sample_weight
  File "C:\Users\i243l699\Anaconda3\lib\site-packages\sklearn\utils\class_weight.py", line 7, in <module>
    from .validation import _deprecate_positional_args
  File "C:\Users\i243l699\Anaconda3\lib\site-packages\sklearn\utils\validation.py", line 22, in <module>
    import joblib
  File "C:\Users\i243l699\Anaconda3\lib\site-packages\joblib\__init__.py", line 120, in <module>
    from .parallel import Parallel
  File "C:\Users\i243l699\Anaconda3\lib\site-packages\joblib\parallel.py", line 26, in <module>
    from ._parallel_backends import (FallbackToBackend, MultiprocessingBackend,
  File "C:\Users\i243l699\Anaconda3\lib\site-packages\joblib\_parallel_backends.py", line 17, in <module>
    from .pool import MemmappingPool
  File "C:\Users\i243l699\Anaconda3\lib\site-packages\joblib\pool.py", line 31, in <module>
    from ._memmapping_reducer import get_memmapping_reducers
  File "C:\Users\i243l699\Anaconda3\lib\site-packages\joblib\_memmapping_reducer.py", line 37, in <module>
    from .externals.loky.backend import resource_tracker
  File "C:\Users\i243l699\Anaconda3\lib\site-packages\joblib\externals\loky\__init__.py", line 11, in <module>
    from .backend.context import cpu_count
  File "<frozen importlib._bootstrap>", line 991, in _find_and_load
  File "<frozen importlib._bootstrap>", line 975, in _find_and_load_unlocked
  File "<frozen importlib._bootstrap>", line 671, in _load_unlocked
  File "<frozen importlib._bootstrap_external>", line 779, in exec_module
  File "<frozen importlib._bootstrap_external>", line 874, in get_code
  File "<frozen importlib._bootstrap_external>", line 972, in get_data
KeyboardInterrupt
